<?xml version="1.0" encoding="UTF-8"?>
<!-- Generated by org.testng.reporters.JUnitReportReporter -->
<testsuite hostname="DESKTOP-77EIP0B" failures="0" tests="9" name="api.testcases.UserTestDD" time="15.426" errors="0" timestamp="2023-10-01T16:54:26 IST" skipped="0">
  <testcase classname="api.testcases.UserTestDD" name="testCreateUser" time="1.412"/>
  <testcase classname="api.testcases.UserTestDD" name="testCreateUser" time="1.362"/>
  <testcase classname="api.testcases.UserTestDD" name="testCreateUser" time="4.224"/>
  <testcase classname="api.testcases.UserTestDD" name="testGetUser" time="1.352"/>
  <testcase classname="api.testcases.UserTestDD" name="testGetUser" time="1.311"/>
  <testcase classname="api.testcases.UserTestDD" name="testGetUser" time="1.406"/>
  <testcase classname="api.testcases.UserTestDD" name="testDeleteUser" time="1.339"/>
  <testcase classname="api.testcases.UserTestDD" name="testDeleteUser" time="1.343"/>
  <testcase classname="api.testcases.UserTestDD" name="testDeleteUser" time="1.677"/>
</testsuite> <!-- api.testcases.UserTestDD -->
