<?xml version="1.0" encoding="UTF-8"?>
<!-- Generated by org.testng.reporters.JUnitReportReporter -->
<testsuite hostname="DESKTOP-77EIP0B" failures="0" tests="4" name="api.testcases.UserTests" time="7.641" errors="0" timestamp="2023-10-01T16:54:26 IST" skipped="0">
  <testcase classname="api.testcases.UserTests" name="testCreateUser" time="1.315"/>
  <testcase classname="api.testcases.UserTests" name="testGetUser" time="1.266"/>
  <testcase classname="api.testcases.UserTests" name="testUpdateUser" time="3.737"/>
  <testcase classname="api.testcases.UserTests" name="testDeleteUser" time="1.323"/>
</testsuite> <!-- api.testcases.UserTests -->
